  dc_divrem_n.c
  divrem_1.c
c:\users\brian gladman\desktop\documents\visual studio 2010\projects\mpir\build.vc10\tune\..\..\mpn\generic\divrem_1.c(123): warning C4146: unary minus operator applied to unsigned type, result still unsigned
  divrem_2.c
c:\users\brian gladman\desktop\documents\visual studio 2010\projects\mpir\build.vc10\tune\..\..\mpn\generic\divrem_2.c(139): warning C4146: unary minus operator applied to unsigned type, result still unsigned
  gcd.c
c:\users\brian gladman\desktop\documents\visual studio 2010\projects\mpir\build.vc10\tune\..\..\mpn\generic\gcd.c(151): warning C4146: unary minus operator applied to unsigned type, result still unsigned
c:\users\brian gladman\desktop\documents\visual studio 2010\projects\mpir\build.vc10\tune\..\..\mpn\generic\gcd.c(269): warning C4146: unary minus operator applied to unsigned type, result still unsigned
c:\users\brian gladman\desktop\documents\visual studio 2010\projects\mpir\build.vc10\tune\..\..\mpn\generic\gcd.c(341): warning C4146: unary minus operator applied to unsigned type, result still unsigned
  gcdext.c
c:\users\brian gladman\desktop\documents\visual studio 2010\projects\mpir\build.vc10\tune\..\..\mpn\generic\gcdext.c(853): warning C4244: '=' : conversion from 'mp_limb_t' to 'mp_size_t', possible loss of data
c:\users\brian gladman\desktop\documents\visual studio 2010\projects\mpir\build.vc10\tune\..\..\mpn\generic\gcdext.c(918): warning C4244: '=' : conversion from 'mp_limb_t' to 'mp_size_t', possible loss of data
c:\users\brian gladman\desktop\documents\visual studio 2010\projects\mpir\build.vc10\tune\..\..\mpn\generic\gcdext.c(922): warning C4244: '=' : conversion from 'mp_limb_t' to 'mp_size_t', possible loss of data
c:\users\brian gladman\desktop\documents\visual studio 2010\projects\mpir\build.vc10\tune\..\..\mpn\generic\gcdext.c(807): warning C4101: 'u1n' : unreferenced local variable
c:\users\brian gladman\desktop\documents\visual studio 2010\projects\mpir\build.vc10\tune\..\..\mpn\generic\gcdext.c(1110): warning C4101: 't' : unreferenced local variable
  get_str.c
c:\users\brian gladman\desktop\documents\visual studio 2010\projects\mpir\build.vc10\tune\..\..\mpn\generic\get_str.c(204): warning C4244: '=' : conversion from 'mp_limb_t' to 'unsigned char', possible loss of data
c:\users\brian gladman\desktop\documents\visual studio 2010\projects\mpir\build.vc10\tune\..\..\mpn\generic\get_str.c(252): warning C4244: '=' : conversion from 'mp_limb_t' to 'unsigned char', possible loss of data
c:\users\brian gladman\desktop\documents\visual studio 2010\projects\mpir\build.vc10\tune\..\..\mpn\generic\get_str.c(284): warning C4244: '=' : conversion from 'mp_limb_t' to 'unsigned char', possible loss of data
c:\users\brian gladman\desktop\documents\visual studio 2010\projects\mpir\build.vc10\tune\..\..\mpn\generic\get_str.c(294): warning C4244: '=' : conversion from 'mp_limb_t' to 'unsigned char', possible loss of data
c:\users\brian gladman\desktop\documents\visual studio 2010\projects\mpir\build.vc10\tune\..\..\mpn\generic\get_str.c(392): warning C4244: 'initializing' : conversion from 'const mp_limb_t' to 'int', possible loss of data
c:\users\brian gladman\desktop\documents\visual studio 2010\projects\mpir\build.vc10\tune\..\..\mpn\generic\get_str.c(431): warning C4244: '=' : conversion from 'mp_limb_t' to 'unsigned char', possible loss of data
  memory.c
  misc.c
..\..\tests\misc.c(55): warning C4996: 'setbuf': This function or variable may be unsafe. Consider using setvbuf instead. To disable deprecation, use _CRT_SECURE_NO_WARNINGS. See online help for details.
          C:\Program Files (x86)\Microsoft Visual Studio 10.0\VC\include\stdio.h(313) : see declaration of 'setbuf'
..\..\tests\misc.c(56): warning C4996: 'setbuf': This function or variable may be unsafe. Consider using setvbuf instead. To disable deprecation, use _CRT_SECURE_NO_WARNINGS. See online help for details.
          C:\Program Files (x86)\Microsoft Visual Studio 10.0\VC\include\stdio.h(313) : see declaration of 'setbuf'
..\..\tests\misc.c(87): warning C4996: 'getenv': This function or variable may be unsafe. Consider using _dupenv_s instead. To disable deprecation, use _CRT_SECURE_NO_WARNINGS. See online help for details.
          C:\Program Files (x86)\Microsoft Visual Studio 10.0\VC\include\stdlib.h(430) : see declaration of 'getenv'
..\..\tests\misc.c(112): warning C4244: '=' : conversion from 'time_t' to 'unsigned long', possible loss of data
..\..\tests\misc.c(139): warning C4267: '=' : conversion from 'size_t' to 'unsigned long', possible loss of data
  mod_1.c
  mul.c
  mul_fft.c
c:\users\brian gladman\desktop\documents\visual studio 2010\projects\mpir\build.vc10\tune\..\..\mpn\generic\mul_fft.c(1552): warning C4334: '<<' : result of 32-bit shift implicitly converted to 64 bits (was 64-bit shift intended?)
c:\users\brian gladman\desktop\documents\visual studio 2010\projects\mpir\build.vc10\tune\..\..\mpn\generic\mul_fft.c(1668): warning C4334: '<<' : result of 32-bit shift implicitly converted to 64 bits (was 64-bit shift intended?)
c:\users\brian gladman\desktop\documents\visual studio 2010\projects\mpir\build.vc10\tune\..\..\mpn\generic\mul_fft.c(2187): warning C4334: '<<' : result of 32-bit shift implicitly converted to 64 bits (was 64-bit shift intended?)
  mul_n.c
c:\users\brian gladman\desktop\documents\visual studio 2010\projects\mpir\build.vc10\tune\..\..\mpn\generic\mul_n.c(272): warning C4101: 'c' : unreferenced local variable
  mullow_n.c
  refmpn.c
..\..\tests\refmpn.c(168): warning C4267: 'function' : conversion from 'size_t' to 'mp_size_t', possible loss of data
..\..\tests\refmpn.c(666): warning C4146: unary minus operator applied to unsigned type, result still unsigned
..\..\tests\refmpn.c(669): warning C4244: 'return' : conversion from 'mp_limb_t' to 'int', possible loss of data
..\..\tests\refmpn.c(1597): warning C4146: unary minus operator applied to unsigned type, result still unsigned
..\..\tests\refmpn.c(1581): warning C4101: 'cy' : unreferenced local variable
..\..\tests\refmpn.c(1626): warning C4146: unary minus operator applied to unsigned type, result still unsigned
..\..\tests\refmpn.c(1657): warning C4146: unary minus operator applied to unsigned type, result still unsigned
..\..\tests\refmpn.c(2100): warning C4146: unary minus operator applied to unsigned type, result still unsigned
..\..\tests\refmpn.c(2271): warning C4244: '=' : conversion from 'const mp_limb_t' to 'int', possible loss of data
..\..\tests\refmpn.c(2290): warning C4244: '=' : conversion from 'mp_limb_t' to 'unsigned char', possible loss of data
  sb_divrem_mn.c
  tdiv_qr.c
  tuneup.c
c:\users\brian gladman\desktop\documents\visual studio 2010\projects\mpir\tune\speed.h(387): warning C4028: formal parameter 1 different from declaration
..\..\tune\tuneup.c(356): warning C4244: '=' : conversion from '__int64' to 'mp_size_t', possible loss of data
..\..\tune\tuneup.c(375): warning C4244: '=' : conversion from '__int64' to 'mp_size_t', possible loss of data
..\..\tune\tuneup.c(376): warning C4244: '=' : conversion from '__int64' to 'mp_size_t', possible loss of data
..\..\tune\tuneup.c(1794): warning C4244: '=' : conversion from '__int64' to 'mp_size_t', possible loss of data
..\..\tune\tuneup.c(1795): warning C4244: '=' : conversion from '__int64' to 'mp_size_t', possible loss of data
..\..\tune\tuneup.c(1822): warning C4996: 'localtime': This function or variable may be unsafe. Consider using localtime_s instead. To disable deprecation, use _CRT_SECURE_NO_WARNINGS. See online help for details.
          C:\Program Files (x86)\Microsoft Visual Studio 10.0\VC\include\time.inl(112) : see declaration of 'localtime'
..\..\tune\tuneup.c(1921): warning C4996: 'setbuf': This function or variable may be unsafe. Consider using setvbuf instead. To disable deprecation, use _CRT_SECURE_NO_WARNINGS. See online help for details.
          C:\Program Files (x86)\Microsoft Visual Studio 10.0\VC\include\stdio.h(313) : see declaration of 'setbuf'
..\..\tune\tuneup.c(1922): warning C4996: 'setbuf': This function or variable may be unsafe. Consider using setvbuf instead. To disable deprecation, use _CRT_SECURE_NO_WARNINGS. See online help for details.
          C:\Program Files (x86)\Microsoft Visual Studio 10.0\VC\include\stdio.h(313) : see declaration of 'setbuf'
..\..\tune\tuneup.c(1924): warning C4013: 'getopt' undefined; assuming extern returning int
  Generating Code...
  tune.vcxproj -> C:\Users\Brian Gladman\Desktop\Documents\Visual Studio 2010\Projects\mpir\build.vc10\x64\Release\tune.exe
